DEBUG   |141105 22:38:34|Loading filters
DEBUG   |141105 22:38:34|-- Loading filter Directories
DEBUG   |141105 22:38:34|-- Loading filter Files
DEBUG   |141105 22:38:34|-- Loading filter Incremental
DEBUG   |141105 22:38:34|-- Loading filter Skipdirs
DEBUG   |141105 22:38:34|-- Loading filter Skipfiles
DEBUG   |141105 22:38:34|-- Loading filter Srpdata
DEBUG   |141105 22:38:34|-- Loading filter Srpdirs
DEBUG   |141105 22:38:34|-- Loading filter Srpfiles
DEBUG   |141105 22:38:34|-- Loading filter Srpskipdata
DEBUG   |141105 22:38:34|-- Loading filter Srpskipfiles
DEBUG   |141105 22:38:34|-- Loading filter Tabledata
DEBUG   |141105 22:38:34|-- Loading filter Tables
DEBUG   |141105 22:38:34|-- Loading filter PlatformFiles
DEBUG   |141105 22:38:34|-- Loading filter PlatformFolders
DEBUG   |141105 22:38:34|-- Loading filter PlatformLibraries
DEBUG   |141105 22:38:34|-- Loading filter PlatformSitedb
DEBUG   |141105 22:38:34|-- Loading filter PlatformSiteroot
DEBUG   |141105 22:38:34|-- Loading filter PlatformSkipdirs
DEBUG   |141105 22:38:34|-- Loading filter PlatformSkipfiles
DEBUG   |141105 22:38:34|-- Loading filter PlatformSystemcachefiles
DEBUG   |141105 22:38:34|-- Loading filter PlatformTabledata
DEBUG   |141105 22:38:34|Loading optional filters
DEBUG   |141105 22:38:34|-- Loading optional filter StackPlatformFinder
DEBUG   |141105 22:38:38|Loading filters
DEBUG   |141105 22:38:38|-- Loading filter Directories
DEBUG   |141105 22:38:38|-- Loading filter Files
DEBUG   |141105 22:38:38|-- Loading filter Incremental
DEBUG   |141105 22:38:38|-- Loading filter Skipdirs
DEBUG   |141105 22:38:38|-- Loading filter Skipfiles
DEBUG   |141105 22:38:38|-- Loading filter Srpdata
DEBUG   |141105 22:38:38|-- Loading filter Srpdirs
DEBUG   |141105 22:38:38|-- Loading filter Srpfiles
DEBUG   |141105 22:38:38|-- Loading filter Srpskipdata
DEBUG   |141105 22:38:38|-- Loading filter Srpskipfiles
DEBUG   |141105 22:38:38|-- Loading filter Tabledata
DEBUG   |141105 22:38:38|-- Loading filter Tables
DEBUG   |141105 22:38:38|-- Loading filter PlatformFiles
DEBUG   |141105 22:38:38|-- Loading filter PlatformFolders
DEBUG   |141105 22:38:38|-- Loading filter PlatformLibraries
DEBUG   |141105 22:38:38|-- Loading filter PlatformSitedb
DEBUG   |141105 22:38:38|-- Loading filter PlatformSiteroot
DEBUG   |141105 22:38:38|-- Loading filter PlatformSkipdirs
DEBUG   |141105 22:38:38|-- Loading filter PlatformSkipfiles
DEBUG   |141105 22:38:38|-- Loading filter PlatformSystemcachefiles
DEBUG   |141105 22:38:38|-- Loading filter PlatformTabledata
DEBUG   |141105 22:38:38|Loading optional filters
DEBUG   |141105 22:38:38|-- Loading optional filter StackPlatformFinder
DEBUG   |141105 22:38:40|Loading filters
DEBUG   |141105 22:38:40|-- Loading filter Directories
DEBUG   |141105 22:38:40|-- Loading filter Files
DEBUG   |141105 22:38:40|-- Loading filter Incremental
DEBUG   |141105 22:38:40|-- Loading filter Skipdirs
DEBUG   |141105 22:38:40|-- Loading filter Skipfiles
DEBUG   |141105 22:38:40|-- Loading filter Srpdata
DEBUG   |141105 22:38:40|-- Loading filter Srpdirs
DEBUG   |141105 22:38:40|-- Loading filter Srpfiles
DEBUG   |141105 22:38:40|-- Loading filter Srpskipdata
DEBUG   |141105 22:38:40|-- Loading filter Srpskipfiles
DEBUG   |141105 22:38:40|-- Loading filter Tabledata
DEBUG   |141105 22:38:40|-- Loading filter Tables
DEBUG   |141105 22:38:40|-- Loading filter PlatformFiles
DEBUG   |141105 22:38:40|-- Loading filter PlatformFolders
DEBUG   |141105 22:38:40|-- Loading filter PlatformLibraries
DEBUG   |141105 22:38:40|-- Loading filter PlatformSitedb
DEBUG   |141105 22:38:40|-- Loading filter PlatformSiteroot
DEBUG   |141105 22:38:40|-- Loading filter PlatformSkipdirs
DEBUG   |141105 22:38:40|-- Loading filter PlatformSkipfiles
DEBUG   |141105 22:38:40|-- Loading filter PlatformSystemcachefiles
DEBUG   |141105 22:38:40|-- Loading filter PlatformTabledata
DEBUG   |141105 22:38:40|Loading optional filters
DEBUG   |141105 22:38:40|-- Loading optional filter StackPlatformFinder
DEBUG   |141105 22:44:36|Loading filters
DEBUG   |141105 22:44:36|-- Loading filter Directories
DEBUG   |141105 22:44:36|-- Loading filter Files
DEBUG   |141105 22:44:36|-- Loading filter Incremental
DEBUG   |141105 22:44:36|-- Loading filter Skipdirs
DEBUG   |141105 22:44:36|-- Loading filter Skipfiles
DEBUG   |141105 22:44:36|-- Loading filter Srpdata
DEBUG   |141105 22:44:36|-- Loading filter Srpdirs
DEBUG   |141105 22:44:36|-- Loading filter Srpfiles
DEBUG   |141105 22:44:36|-- Loading filter Srpskipdata
DEBUG   |141105 22:44:36|-- Loading filter Srpskipfiles
DEBUG   |141105 22:44:36|-- Loading filter Tabledata
DEBUG   |141105 22:44:36|-- Loading filter Tables
DEBUG   |141105 22:44:36|-- Loading filter PlatformFiles
DEBUG   |141105 22:44:36|-- Loading filter PlatformFolders
DEBUG   |141105 22:44:36|-- Loading filter PlatformLibraries
DEBUG   |141105 22:44:36|-- Loading filter PlatformSitedb
DEBUG   |141105 22:44:36|-- Loading filter PlatformSiteroot
DEBUG   |141105 22:44:36|-- Loading filter PlatformSkipdirs
DEBUG   |141105 22:44:36|-- Loading filter PlatformSkipfiles
DEBUG   |141105 22:44:36|-- Loading filter PlatformSystemcachefiles
DEBUG   |141105 22:44:36|-- Loading filter PlatformTabledata
DEBUG   |141105 22:44:36|Loading optional filters
DEBUG   |141105 22:44:36|-- Loading optional filter StackPlatformFinder
